
> frontend@0.1.0 dev
> next dev --turbopack

 ⚠ Port 3000 is in use, using available port 3001 instead.
   ▲ Next.js 15.3.3 (Turbopack)
   - Local:        http://localhost:3001
   - Network:      http://10.255.255.254:3001
   - Environments: .env.local

 ✓ Starting...
 ✓ Ready in 13.7s
 ○ Compiling / ...
 ✓ Compiled / in 30.8s
 ⨯ ./src/app/globals.css:1558:9
Parsing css source code failed
[0m [90m 1556 |[39m[0m
[0m [90m 1557 |[39m [90m/* Import fonts */[39m[0m
[0m[31m[1m>[22m[39m[90m 1558 |[39m [33m@[39m[36mimport[39m url([32m'https://fonts.googleapis.com/css2?family=Inter:wght@300;400;500;600;700;800&display=swap'[39m)[33m;[39m[0m
[0m [90m      |[39m         [31m[1m^[22m[39m[0m
[0m [90m 1559 |[39m [33m@[39m[36mimport[39m url([32m'https://fonts.googleapis.com/css2?family=Audiowide:wght@400&display=swap'[39m)[33m;[39m[0m
[0m [90m 1560 |[39m[0m
[0m [90m 1561 |[39m [90m/* Custom CSS Variables - Stake.com inspired */[39m[0m

@import rules must precede all rules aside from @charset and @layer statements at [project]/src/app/globals.css:1557:8



./src/components/providers/QueryProvider.tsx:4:1
Module not found: Can't resolve '@tanstack/react-query'
[0m [90m 2 |[39m[0m
[0m [90m 3 |[39m [36mimport[39m [33mReact[39m[33m,[39m { useState } [36mfrom[39m [32m'react'[39m[33m;[39m[0m
[0m[31m[1m>[22m[39m[90m 4 |[39m [36mimport[39m { [33mQueryClient[39m[33m,[39m [33mQueryClientProvider[39m } [36mfrom[39m [32m'@tanstack/react-query'[39m[33m;[39m[0m
[0m [90m   |[39m [31m[1m^[22m[39m[31m[1m^[22m[39m[31m[1m^[22m[39m[31m[1m^[22m[39m[31m[1m^[22m[39m[31m[1m^[22m[39m[31m[1m^[22m[39m[31m[1m^[22m[39m[31m[1m^[22m[39m[31m[1m^[22m[39m[31m[1m^[22m[39m[31m[1m^[22m[39m[31m[1m^[22m[39m[31m[1m^[22m[39m[31m[1m^[22m[39m[31m[1m^[22m[39m[31m[1m^[22m[39m[31m[1m^[22m[39m[31m[1m^[22m[39m[31m[1m^[22m[39m[31m[1m^[22m[39m[31m[1m^[22m[39m[31m[1m^[22m[39m[31m[1m^[22m[39m[31m[1m^[22m[39m[31m[1m^[22m[39m[31m[1m^[22m[39m[31m[1m^[22m[39m[31m[1m^[22m[39m[31m[1m^[22m[39m[31m[1m^[22m[39m[31m[1m^[22m[39m[31m[1m^[22m[39m[31m[1m^[22m[39m[31m[1m^[22m[39m[31m[1m^[22m[39m[31m[1m^[22m[39m[31m[1m^[22m[39m[31m[1m^[22m[39m[31m[1m^[22m[39m[31m[1m^[22m[39m[31m[1m^[22m[39m[31m[1m^[22m[39m[31m[1m^[22m[39m[31m[1m^[22m[39m[31m[1m^[22m[39m[31m[1m^[22m[39m[31m[1m^[22m[39m[31m[1m^[22m[39m[31m[1m^[22m[39m[31m[1m^[22m[39m[31m[1m^[22m[39m[31m[1m^[22m[39m[31m[1m^[22m[39m[31m[1m^[22m[39m[31m[1m^[22m[39m[31m[1m^[22m[39m[31m[1m^[22m[39m[31m[1m^[22m[39m[31m[1m^[22m[39m[31m[1m^[22m[39m[31m[1m^[22m[39m[31m[1m^[22m[39m[31m[1m^[22m[39m[31m[1m^[22m[39m[31m[1m^[22m[39m[31m[1m^[22m[39m[31m[1m^[22m[39m[31m[1m^[22m[39m[31m[1m^[22m[39m[31m[1m^[22m[39m[31m[1m^[22m[39m[31m[1m^[22m[39m[0m
[0m [90m 5 |[39m[0m
[0m [90m 6 |[39m [36minterface[39m [33mQueryProviderProps[39m {[0m
[0m [90m 7 |[39m   children[33m:[39m [33mReact[39m[33m.[39m[33mReactNode[39m[33m;[39m[0m



https://nextjs.org/docs/messages/module-not-found


 ○ Compiling /_error ...
 ✓ Compiled /_error in 3.6s
 GET / 500 in 46783ms
 ○ Compiling /favicon.ico ...
 ✓ Compiled /favicon.ico in 1573ms
 GET /favicon.ico 500 in 1827ms
   Reload env: .env.local
