
> frontend@0.1.0 dev
> next dev --turbopack

   ▲ Next.js 15.3.3 (Turbopack)
   - Local:        http://localhost:3000
   - Network:      http://10.255.255.254:3000
   - Environments: .env.local

 ✓ Starting...
 ✓ Ready in 19.5s
 ○ Compiling / ...
 ✓ Compiled / in 18.6s
 ⨯ ./src/app/globals.css:1558:9
Parsing css source code failed
[0m [90m 1556 |[39m[0m
[0m [90m 1557 |[39m [90m/* Import fonts */[39m[0m
[0m[31m[1m>[22m[39m[90m 1558 |[39m [33m@[39m[36mimport[39m url([32m'https://fonts.googleapis.com/css2?family=Inter:wght@300;400;500;600;700;800&display=swap'[39m)[33m;[39m[0m
[0m [90m      |[39m         [31m[1m^[22m[39m[0m
[0m [90m 1559 |[39m [33m@[39m[36mimport[39m url([32m'https://fonts.googleapis.com/css2?family=Audiowide:wght@400&display=swap'[39m)[33m;[39m[0m
[0m [90m 1560 |[39m[0m
[0m [90m 1561 |[39m [90m/* Custom CSS Variables - Stake.com inspired */[39m[0m

@import rules must precede all rules aside from @charset and @layer statements at [project]/src/app/globals.css:1557:8


 ○ Compiling /_error ...
 ✓ Compiled /_error in 2.5s
 GET / 500 in 32280ms
   Reload env: .env.local
 ⨯ [Error: ENOENT: no such file or directory, open '/mnt/c/Users/patch/OneDrive/Desktop/PV3/PV3/frontend/.next/server/app/page/app-build-manifest.json'] {
  errno: -2,
  code: 'ENOENT',
  syscall: 'open',
  path: '/mnt/c/Users/patch/OneDrive/Desktop/PV3/PV3/frontend/.next/server/app/page/app-build-manifest.json'
}
[Error: ENOENT: no such file or directory, open '/mnt/c/Users/patch/OneDrive/Desktop/PV3/PV3/frontend/.next/server/app/page/app-build-manifest.json'] {
  errno: -2,
  code: 'ENOENT',
  syscall: 'open',
  path: '/mnt/c/Users/patch/OneDrive/Desktop/PV3/PV3/frontend/.next/server/app/page/app-build-manifest.json'
}
[Error: ENOENT: no such file or directory, open '/mnt/c/Users/patch/OneDrive/Desktop/PV3/PV3/frontend/.next/server/pages/_app/build-manifest.json'] {
  errno: -2,
  code: 'ENOENT',
  syscall: 'open',
  path: '/mnt/c/Users/patch/OneDrive/Desktop/PV3/PV3/frontend/.next/server/pages/_app/build-manifest.json'
}
